<?xml version="1.0" encoding="UTF-8"?>
<testng-results skipped="0" failed="0" total="1" passed="1">
  <reporter-output>
  </reporter-output>
  <suite name="Suite" duration-ms="12550" started-at="2018-03-08T21:31:30Z" finished-at="2018-03-08T21:31:43Z">
    <groups>
    </groups>
    <test name="Test" duration-ms="12550" started-at="2018-03-08T21:31:30Z" finished-at="2018-03-08T21:31:43Z">
      <class name="com.learnautomation.selenium.DemoforMaven">
        <test-method status="PASS" signature="testHello()[pri:0, instance:com.learnautomation.selenium.DemoforMaven@1fcfece]" name="testHello" duration-ms="12534" started-at="2018-03-08T16:31:30Z" finished-at="2018-03-08T16:31:43Z">
          <reporter-output>
          </reporter-output>
        </test-method> <!-- testHello -->
      </class> <!-- com.learnautomation.selenium.DemoforMaven -->
    </test> <!-- Test -->
  </suite> <!-- Suite -->
</testng-results>
