<?xml version="1.0" encoding="UTF-8"?>
<testng-results skipped="0" failed="0" total="1" passed="1">
  <reporter-output>
  </reporter-output>
  <suite name="Suite" duration-ms="10815" started-at="2018-03-11T18:22:10Z" finished-at="2018-03-11T18:22:20Z">
    <groups>
    </groups>
    <test name="Test" duration-ms="10815" started-at="2018-03-11T18:22:10Z" finished-at="2018-03-11T18:22:20Z">
      <class name="com.learnautomation.selenium.DemoforMaven">
        <test-method status="PASS" signature="testHello()[pri:0, instance:com.learnautomation.selenium.DemoforMaven@1c7db30]" name="testHello" duration-ms="10804" started-at="2018-03-11T14:22:10Z" finished-at="2018-03-11T14:22:20Z">
          <reporter-output>
          </reporter-output>
        </test-method> <!-- testHello -->
      </class> <!-- com.learnautomation.selenium.DemoforMaven -->
    </test> <!-- Test -->
  </suite> <!-- Suite -->
</testng-results>
